warning: ignoring unsupported tag `ALLOW_UNICODE_NAMES    =' at line 80, file /home/travis/build/alpha-unito/PiCo/Doxygen/Doxyfile
warning: ignoring unsupported tag `MARKDOWN_SUPPORT       =' at line 305, file /home/travis/build/alpha-unito/PiCo/Doxygen/Doxyfile
warning: ignoring unsupported tag `AUTOLINK_SUPPORT       =' at line 313, file /home/travis/build/alpha-unito/PiCo/Doxygen/Doxyfile
warning: ignoring unsupported tag `GROUP_NESTED_COMPOUNDS =' at line 362, file /home/travis/build/alpha-unito/PiCo/Doxygen/Doxyfile
warning: ignoring unsupported tag `EXTRACT_PACKAGE        =' at line 442, file /home/travis/build/alpha-unito/PiCo/Doxygen/Doxyfile
warning: ignoring unsupported tag `HIDE_COMPOUND_REFERENCE=' at line 533, file /home/travis/build/alpha-unito/PiCo/Doxygen/Doxyfile
warning: ignoring unsupported tag `SHOW_GROUPED_MEMB_INC  =' at line 546, file /home/travis/build/alpha-unito/PiCo/Doxygen/Doxyfile
warning: ignoring unsupported tag `WARN_AS_ERROR          =' at line 757, file /home/travis/build/alpha-unito/PiCo/Doxygen/Doxyfile
warning: ignoring unsupported tag `USE_MDFILE_AS_MAINPAGE =' at line 977, file /home/travis/build/alpha-unito/PiCo/Doxygen/Doxyfile
warning: ignoring unsupported tag `SOURCE_TOOLTIPS        =' at line 1033, file /home/travis/build/alpha-unito/PiCo/Doxygen/Doxyfile
warning: ignoring unsupported tag `CLANG_ASSISTED_PARSING =' at line 1074, file /home/travis/build/alpha-unito/PiCo/Doxygen/Doxyfile
warning: ignoring unsupported tag `CLANG_OPTIONS          =' at line 1082, file /home/travis/build/alpha-unito/PiCo/Doxygen/Doxyfile
warning: ignoring unsupported tag `HTML_EXTRA_STYLESHEET  =' at line 1187, file /home/travis/build/alpha-unito/PiCo/Doxygen/Doxyfile
warning: ignoring unsupported tag `HTML_INDEX_NUM_ENTRIES =' at line 1257, file /home/travis/build/alpha-unito/PiCo/Doxygen/Doxyfile
warning: ignoring unsupported tag `MATHJAX_FORMAT         =' at line 1538, file /home/travis/build/alpha-unito/PiCo/Doxygen/Doxyfile
warning: ignoring unsupported tag `MATHJAX_CODEFILE       =' at line 1566, file /home/travis/build/alpha-unito/PiCo/Doxygen/Doxyfile
warning: ignoring unsupported tag `EXTERNAL_SEARCH        =' at line 1615, file /home/travis/build/alpha-unito/PiCo/Doxygen/Doxyfile
warning: ignoring unsupported tag `SEARCHENGINE_URL       =' at line 1626, file /home/travis/build/alpha-unito/PiCo/Doxygen/Doxyfile
warning: ignoring unsupported tag `SEARCHDATA_FILE        =' at line 1634, file /home/travis/build/alpha-unito/PiCo/Doxygen/Doxyfile
warning: ignoring unsupported tag `EXTERNAL_SEARCH_ID     =' at line 1642, file /home/travis/build/alpha-unito/PiCo/Doxygen/Doxyfile
warning: ignoring unsupported tag `EXTRA_SEARCH_MAPPINGS  =' at line 1652, file /home/travis/build/alpha-unito/PiCo/Doxygen/Doxyfile
warning: ignoring unsupported tag `LATEX_EXTRA_STYLESHEET =' at line 1754, file /home/travis/build/alpha-unito/PiCo/Doxygen/Doxyfile
warning: ignoring unsupported tag `LATEX_EXTRA_FILES      =' at line 1762, file /home/travis/build/alpha-unito/PiCo/Doxygen/Doxyfile
warning: ignoring unsupported tag `LATEX_TIMESTAMP        =' at line 1821, file /home/travis/build/alpha-unito/PiCo/Doxygen/Doxyfile
warning: ignoring unsupported tag `RTF_SOURCE_CODE        =' at line 1887, file /home/travis/build/alpha-unito/PiCo/Doxygen/Doxyfile
warning: ignoring unsupported tag `MAN_SUBDIR             =' at line 1922, file /home/travis/build/alpha-unito/PiCo/Doxygen/Doxyfile
warning: ignoring unsupported tag `GENERATE_DOCBOOK       =' at line 1968, file /home/travis/build/alpha-unito/PiCo/Doxygen/Doxyfile
warning: ignoring unsupported tag `DOCBOOK_OUTPUT         =' at line 1976, file /home/travis/build/alpha-unito/PiCo/Doxygen/Doxyfile
warning: ignoring unsupported tag `DOCBOOK_PROGRAMLISTING =' at line 1985, file /home/travis/build/alpha-unito/PiCo/Doxygen/Doxyfile
warning: ignoring unsupported tag `EXTERNAL_PAGES         =' at line 2159, file /home/travis/build/alpha-unito/PiCo/Doxygen/Doxyfile
warning: ignoring unsupported tag `DIA_PATH               =' at line 2194, file /home/travis/build/alpha-unito/PiCo/Doxygen/Doxyfile
warning: ignoring unsupported tag `UML_LIMIT_NUM_FIELDS   =' at line 2288, file /home/travis/build/alpha-unito/PiCo/Doxygen/Doxyfile
warning: ignoring unsupported tag `DIAFILE_DIRS           =' at line 2406, file /home/travis/build/alpha-unito/PiCo/Doxygen/Doxyfile
warning: ignoring unsupported tag `PLANTUML_JAR_PATH      =' at line 2414, file /home/travis/build/alpha-unito/PiCo/Doxygen/Doxyfile
warning: ignoring unsupported tag `PLANTUML_INCLUDE_PATH  =' at line 2419, file /home/travis/build/alpha-unito/PiCo/Doxygen/Doxyfile
Searching for include files...
Searching for example files...
Searching for images...
Searching for dot files...
Searching for msc files...
Searching for files to exclude
Searching for files to process...
Searching for files in directory /home/travis/build/alpha-unito
Searching for files in directory /home/travis/build/alpha-unito/PiCo
Searching for files in directory /home/travis/build/alpha-unito/PiCo/.git
Searching for files in directory /home/travis/build/alpha-unito/PiCo/.git/branches
Searching for files in directory /home/travis/build/alpha-unito/PiCo/.git/hooks
Searching for files in directory /home/travis/build/alpha-unito/PiCo/.git/info
Searching for files in directory /home/travis/build/alpha-unito/PiCo/.git/logs
Searching for files in directory /home/travis/build/alpha-unito/PiCo/.git/logs/refs
Searching for files in directory /home/travis/build/alpha-unito/PiCo/.git/logs/refs/heads
Searching for files in directory /home/travis/build/alpha-unito/PiCo/.git/logs/refs/remotes
Searching for files in directory /home/travis/build/alpha-unito/PiCo/.git/logs/refs/remotes/origin
Searching for files in directory /home/travis/build/alpha-unito/PiCo/.git/objects
Searching for files in directory /home/travis/build/alpha-unito/PiCo/.git/objects/info
Searching for files in directory /home/travis/build/alpha-unito/PiCo/.git/objects/pack
Searching for files in directory /home/travis/build/alpha-unito/PiCo/.git/refs
Searching for files in directory /home/travis/build/alpha-unito/PiCo/.git/refs/heads
Searching for files in directory /home/travis/build/alpha-unito/PiCo/.git/refs/remotes
Searching for files in directory /home/travis/build/alpha-unito/PiCo/.git/refs/remotes/origin
Searching for files in directory /home/travis/build/alpha-unito/PiCo/.git/refs/tags
Searching for files in directory /home/travis/build/alpha-unito/PiCo/Doxygen
Searching for files in directory /home/travis/build/alpha-unito/PiCo/Doxygen/code_docs
Searching for files in directory /home/travis/build/alpha-unito/PiCo/Doxygen/code_docs/PiCo
Searching for files in directory /home/travis/build/alpha-unito/PiCo/Doxygen/code_docs/PiCo/.git
Searching for files in directory /home/travis/build/alpha-unito/PiCo/Doxygen/code_docs/PiCo/.git/branches
Searching for files in directory /home/travis/build/alpha-unito/PiCo/Doxygen/code_docs/PiCo/.git/hooks
Searching for files in directory /home/travis/build/alpha-unito/PiCo/Doxygen/code_docs/PiCo/.git/info
Searching for files in directory /home/travis/build/alpha-unito/PiCo/Doxygen/code_docs/PiCo/.git/logs
Searching for files in directory /home/travis/build/alpha-unito/PiCo/Doxygen/code_docs/PiCo/.git/logs/refs
Searching for files in directory /home/travis/build/alpha-unito/PiCo/Doxygen/code_docs/PiCo/.git/logs/refs/heads
Searching for files in directory /home/travis/build/alpha-unito/PiCo/Doxygen/code_docs/PiCo/.git/logs/refs/remotes
Searching for files in directory /home/travis/build/alpha-unito/PiCo/Doxygen/code_docs/PiCo/.git/logs/refs/remotes/origin
Searching for files in directory /home/travis/build/alpha-unito/PiCo/Doxygen/code_docs/PiCo/.git/objects
Searching for files in directory /home/travis/build/alpha-unito/PiCo/Doxygen/code_docs/PiCo/.git/objects/info
Searching for files in directory /home/travis/build/alpha-unito/PiCo/Doxygen/code_docs/PiCo/.git/objects/pack
Searching for files in directory /home/travis/build/alpha-unito/PiCo/Doxygen/code_docs/PiCo/.git/refs
Searching for files in directory /home/travis/build/alpha-unito/PiCo/Doxygen/code_docs/PiCo/.git/refs/heads
Searching for files in directory /home/travis/build/alpha-unito/PiCo/Doxygen/code_docs/PiCo/.git/refs/remotes
Searching for files in directory /home/travis/build/alpha-unito/PiCo/Doxygen/code_docs/PiCo/.git/refs/remotes/origin
Searching for files in directory /home/travis/build/alpha-unito/PiCo/Doxygen/code_docs/PiCo/.git/refs/tags
Searching for files in directory /home/travis/build/alpha-unito/PiCo/Internals
Searching for files in directory /home/travis/build/alpha-unito/PiCo/Internals/FFOperators
Searching for files in directory /home/travis/build/alpha-unito/PiCo/Internals/FFOperators/InOut
Searching for files in directory /home/travis/build/alpha-unito/PiCo/Internals/Graph
Searching for files in directory /home/travis/build/alpha-unito/PiCo/Internals/Types
Searching for files in directory /home/travis/build/alpha-unito/PiCo/Operators
Searching for files in directory /home/travis/build/alpha-unito/PiCo/Operators/InOut
Searching for files in directory /home/travis/build/alpha-unito/PiCo/test
Searching for files in directory /home/travis/build/alpha-unito/PiCo/test/testdata
Searching for files in directory /home/travis/build/alpha-unito/PiCo/test/testresult
Reading and parsing tag files
Preprocessing /home/travis/build/alpha-unito/PiCo/Internals/FFOperators/BCastEmitter.hpp...
Parsing file /home/travis/build/alpha-unito/PiCo/Internals/FFOperators/BCastEmitter.hpp...
Preprocessing /home/travis/build/alpha-unito/PiCo/Internals/FFOperators/BinaryMapFarm.hpp...
Parsing file /home/travis/build/alpha-unito/PiCo/Internals/FFOperators/BinaryMapFarm.hpp...
Preprocessing /home/travis/build/alpha-unito/PiCo/Internals/FFOperators/Collector.hpp...
Parsing file /home/travis/build/alpha-unito/PiCo/Internals/FFOperators/Collector.hpp...
Preprocessing /home/travis/build/alpha-unito/PiCo/Internals/FFOperators/Emitter.hpp...
Parsing file /home/travis/build/alpha-unito/PiCo/Internals/FFOperators/Emitter.hpp...
Preprocessing /home/travis/build/alpha-unito/PiCo/Internals/FFOperators/InOut/ReadFromFileFFNode.hpp...
Parsing file /home/travis/build/alpha-unito/PiCo/Internals/FFOperators/InOut/ReadFromFileFFNode.hpp...
Preprocessing /home/travis/build/alpha-unito/PiCo/Internals/FFOperators/InOut/WriteToDiskFFNode.hpp...
Parsing file /home/travis/build/alpha-unito/PiCo/Internals/FFOperators/InOut/WriteToDiskFFNode.hpp...
Preprocessing /home/travis/build/alpha-unito/PiCo/Internals/FFOperators/PReduceFFNode.hpp...
Parsing file /home/travis/build/alpha-unito/PiCo/Internals/FFOperators/PReduceFFNode.hpp...
Preprocessing /home/travis/build/alpha-unito/PiCo/Internals/FFOperators/RREmitter.hpp...
Parsing file /home/travis/build/alpha-unito/PiCo/Internals/FFOperators/RREmitter.hpp...
Preprocessing /home/travis/build/alpha-unito/PiCo/Internals/FFOperators/UnaryFlatMapFFNode.hpp...
Parsing file /home/travis/build/alpha-unito/PiCo/Internals/FFOperators/UnaryFlatMapFFNode.hpp...
Preprocessing /home/travis/build/alpha-unito/PiCo/Internals/FFOperators/UnaryMapFFNode.hpp...
Parsing file /home/travis/build/alpha-unito/PiCo/Internals/FFOperators/UnaryMapFFNode.hpp...
Preprocessing /home/travis/build/alpha-unito/PiCo/Internals/Graph/SemanticDAG.hpp...
Parsing file /home/travis/build/alpha-unito/PiCo/Internals/Graph/SemanticDAG.hpp...
Preprocessing /home/travis/build/alpha-unito/PiCo/Internals/Graph/SemDAGNode.hpp...
Parsing file /home/travis/build/alpha-unito/PiCo/Internals/Graph/SemDAGNode.hpp...
Preprocessing /home/travis/build/alpha-unito/PiCo/Internals/GroupParam.hpp...
Parsing file /home/travis/build/alpha-unito/PiCo/Internals/GroupParam.hpp...
Preprocessing /home/travis/build/alpha-unito/PiCo/Internals/ParExecDF.hpp...
Parsing file /home/travis/build/alpha-unito/PiCo/Internals/ParExecDF.hpp...
Preprocessing /home/travis/build/alpha-unito/PiCo/Internals/Types/Global.hpp...
Parsing file /home/travis/build/alpha-unito/PiCo/Internals/Types/Global.hpp...
Preprocessing /home/travis/build/alpha-unito/PiCo/Internals/Types/KeyValue.hpp...
Parsing file /home/travis/build/alpha-unito/PiCo/Internals/Types/KeyValue.hpp...
Preprocessing /home/travis/build/alpha-unito/PiCo/Internals/utils.hpp...
Parsing file /home/travis/build/alpha-unito/PiCo/Internals/utils.hpp...
Preprocessing /home/travis/build/alpha-unito/PiCo/Internals/WindowParam.hpp...
Parsing file /home/travis/build/alpha-unito/PiCo/Internals/WindowParam.hpp...
Preprocessing /home/travis/build/alpha-unito/PiCo/Operators/BinaryMap.hpp...
Parsing file /home/travis/build/alpha-unito/PiCo/Operators/BinaryMap.hpp...
Preprocessing /home/travis/build/alpha-unito/PiCo/Operators/BinaryOperator.hpp...
Parsing file /home/travis/build/alpha-unito/PiCo/Operators/BinaryOp/home/travis/build/alpha-unito/PiCo/Internals/FFOperators/Emitter.hpp:27: warning: Compound Emitter is not documented.
/home/travis/build/alpha-unito/PiCo/Internals/FFOperators/InOut/ReadFromFileFFNode.hpp:31: warning: Compound ReadFromFileFFNode is not documented.
/home/travis/build/alpha-unito/PiCo/Internals/FFOperators/BCastEmitter.hpp:26: warning: Compound BCastEmitter is not documented.
/home/travis/build/alpha-unito/PiCo/Internals/Graph/SemDAGNode.hpp:29: warning: Compound SemDAGNode is not documented.
/home/travis/build/alpha-unito/PiCo/Internals/GroupParam.hpp:24: warning: Compound GroupParam is not documented.
/home/travis/build/alpha-unito/PiCo/Internals/ParExecDF.hpp:38: warning: Compound ParExecDF is not documented.
/home/travis/build/alpha-unito/PiCo/Internals/Types/KeyValue.hpp:27: warning: Compound KeyValue is not documented.
/home/travis/build/alpha-unito/PiCo/Internals/FFOperators/InOut/WriteToDiskFFNode.hpp:30: warning: Compound WriteToDiskFFNode is not documented.
/home/travis/build/alpha-unito/PiCo/Internals/FFOperators/Collector.hpp:28: warning: Compound Collector is not documented.
/home/travis/build/alpha-unito/PiCo/Internals/WindowParam.hpp:25: warning: Compound WindowParam is not documented.
/home/travis/build/alpha-unito/PiCo/Internals/FFOperators/PReduceFFNode.hpp:33: warning: Compound PReduceFFNode is not documented.
/home/travis/build/alpha-unito/PiCo/Internals/FFOperators/UnaryMapFFNode.hpp:30: warning: Compound UnaryMapFFNode is not documented.
/home/travis/build/alpha-unito/PiCo/Internals/FFOperators/UnaryFlatMapFFNode.hpp:29: warning: Compound UnaryFlatMapFFNode is not documented.
/home/travis/build/alpha-unito/PiCo/Internals/FFOperators/RREmitter.hpp:26: warning: Compound RREmitter is not documented.
erator.hpp...
Preprocessing /home/travis/build/alpha-unito/PiCo/Operators/FlatMap.hpp...
Parsing file /home/travis/build/alpha-unito/PiCo/Operators/FlatMap.hpp...
Preprocessing /home/travis/build/alpha-unito/PiCo/Operators/InOut/InputOperator.hpp...
Parsing file /home/travis/build/alpha-unito/PiCo/Operators/InOut/InputOperator.hpp...
Preprocessing /home/travis/build/alpha-unito/PiCo/Operators/InOut/OutputOperator.hpp...
Parsing file /home/travis/build/alpha-unito/PiCo/Operators/InOut/OutputOperator.hpp...
Preprocessing /home/travis/build/alpha-unito/PiCo/Operators/InOut/ReadFromFile.hpp...
Parsing file /home/travis/build/alpha-unito/PiCo/Operators/InOut/ReadFromFile.hpp...
Preprocessing /home/travis/build/alpha-unito/PiCo/Operators/InOut/WriteToDisk.hpp...
Parsing file /home/travis/build/alpha-unito/PiCo/Operators/InOut/WriteToDisk.hpp...
Preprocessing /home/travis/build/alpha-unito/PiCo/Operators/Map.hpp...
Parsing file /home/travis/build/alpha-unito/PiCo/Operators/Map.hpp...
Preprocessing /home/travis/build/alpha-unito/PiCo/Operators/Operator.hpp...
Parsing file /home/travis/build/alpha-unito/PiCo/Operators/Operator.hpp...
Preprocessing /home/travis/build/alpha-unito/PiCo/Operators/PReduce.hpp...
Parsing file /home/travis/build/alpha-unito/PiCo/Operators/PReduce.hpp...
Preprocessing /home/travis/build/alpha-unito/PiCo/Operators/Reduce.hpp...
Parsing file /home/travis/build/alpha-unito/PiCo/Operators/Reduce.hpp...
Preprocessing /home/travis/build/alpha-unito/PiCo/Operators/UnaryOperator.hpp...
Parsing file /home/travis/build/alpha-unito/PiCo/Operators/UnaryOperator.hpp...
Preprocessing /home/travis/build/alpha-unito/PiCo/Pipe.hpp...
Parsing file /home/travis/build/alpha-unito/PiCo/Pipe.hpp...
Preprocessing /home/travis/build/alpha-unito/PiCo/README.md...
Parsing file /home/travis/build/alpha-unito/PiCo/README.md...
Preprocessing /home/travis/build/alpha-unito/PiCo/test/pico_merge.cpp...
Parsing file /home/travis/build/alpha-unito/PiCo/test/pico_merge.cpp...
Preprocessing /home/travis/build/alpha-unito/PiCo/test/pico_wc.cpp...
Parsing file /home/travis/build/alpha-unito/PiCo/test/pico_wc.cpp...
Building group list...
Building directory list...
Building namespace list...
Building file list...
Building class list...
Associating documentation with classes...
Computing nesting relations for classes...
Building example list...
Searching for enumerations...
Searching for documented typedefs...
Searching for members imported via using declarations...
Searching for included using directives...
Searching for documented variables...
Building member list...
Searching for friends...
Searching for documented defines...
Computing class inheritance relations...
Computing class usage relations...
Flushing cached template relations that have become invalid...
Creating members for template instances...
Computing class relations...
Add enum values to enums...
Searching for member function documentation...
Building page list...
Search for main page...
Computing page relations...
Determining the scope of groups...
Sorting lists...
Freeing entry tree
Determining which enums are documented
Computing member relations...
Building full member lists recursively...
Adding members to member groups.
Computing member references...
Inheriting documentation...
Generating disk names...
Adding source references...
Adding xrefitems...
Sorting member lists...
Generating citations page...
Counting data structures...
Resolving user defined references...
Finding anchors and sections in the documentation...
Combining using relations...
Adding members to index pages...
Generating style sheet...
Generating search indices...
Generating example documentation...
Generating file sources...
Generating code for file /home/travis/build/alpha-unito/PiCo/Internals/FFOperators/BCastEmitter.hpp...
Generating code for file /home/travis/build/alpha-unito/PiCo/Internals/FFOperators/BinaryMapFarm.hpp...
Generating code for file /home/travis/build/alpha-unito/PiCo/Internals/FFOperators/Collector.hpp...
Generating code for file /home/travis/build/alpha-unito/PiCo/Internals/FFOper/home/travis/build/alpha-unito/PiCo/Internals/FFOperators/BCastEmitter.hpp:29: warning: Member BCastEmitter(size_t nworkers_, ff_loadbalancer *const lb_) (function) of class BCastEmitter is not documented.
/home/travis/build/alpha-unito/PiCo/Internals/FFOperators/BCastEmitter.hpp:32: warning: Member svc_init() (function) of class BCastEmitter is not documented.
/home/travis/build/alpha-unito/PiCo/Internals/FFOperators/BCastEmitter.hpp:39: warning: Member svc(void *task) (function) of class BCastEmitter is not documented.
/home/travis/build/alpha-unito/PiCo/Operators/BinaryMap.hpp:75: warning: Member run() (function) of class BinaryMap is not documented.
/home/travis/build/alpha-unito/PiCo/Operators/BinaryMap.hpp:89: warning: Member i_degree() (function) of class BinaryMap is not documented.
/home/travis/build/alpha-unito/PiCo/Operators/BinaryMap.hpp:93: warning: Member o_degree() (function) of class BinaryMap is not documented.
/home/travis/build/alpha-unito/PiCo/Operators/BinaryMap.hpp:97: warning: Member structure_type() (function) of class BinaryMap is not documented.
/home/travis/build/alpha-unito/PiCo/Operators/BinaryMap.hpp:101: warning: Member operator_class() (function) of class BinaryMap is not documented.
/home/travis/build/alpha-unito/PiCo/Operators/BinaryMap.hpp:105: warning: Member node_operator(size_t parallelism=1) (function) of class BinaryMap is not documented.
/home/travis/build/alpha-unito/PiCo/Operators/BinaryMap.hpp:40: warning: argument 'bmapf' of command @param is not found in the argument list of BinaryMap< In1, In2, Out >::BinaryMap(std::function< Out(In1, In2)> bmapf_)
/home/travis/build/alpha-unito/PiCo/Operators/BinaryMap.hpp:40: warning: The following parameters of BinaryMap::BinaryMap(std::function< Out(In1, In2)> bmapf_) are not documented:
  parameter 'bmapf_'
/home/travis/build/alpha-unito/PiCo/Operators/BinaryOperator.hpp:36: warning: Member checkInputTypeSanity(TypeInfoRef id) (function) of class BinaryOperator is not documented.
/home/travis/build/alpha-unito/PiCo/Operators/BinaryOperator.hpp:44: warning: Member checkOutputTypeSanity(TypeInfoRef id) (function) of class BinaryOperator is not documented.
/home/travis/build/alpha-unito/PiCo/Operators/BinaryOperator.hpp:52: warning: Member i_degree()=0 (function) of class BinaryOperator is not documented.
/home/travis/build/alpha-unito/PiCo/Operators/BinaryOperator.hpp:53: warning: Member o_degree()=0 (function) of class BinaryOperator is not documented.
/home/travis/build/alpha-unito/PiCo/Operators/BinaryOperator.hpp:54: warning: Member structure_type()=0 (function) of class BinaryOperator is not documented.
/home/travis/build/alpha-unito/PiCo/Operators/BinaryOperator.hpp:55: warning: Member operator_class()=0 (function) of class BinaryOperator is not documented.
/home/travis/build/alpha-unito/PiCo/Operators/BinaryOperator.hpp:56: warning: Member node_operator(size_t parallelism=1)=0 (function) of class BinaryOperator is not documented.
/home/travis/build/alpha-unito/PiCo/Internals/FFOperators/Collector.hpp:32: warning: Member svc_init() (function) of class Collector is not documented.
/home/travis/build/alpha-unito/PiCo/Internals/FFOperators/Collector.hpp:38: warning: Member svc(void *task) (function) of class Collector is not documented.
/home/travis/build/alpha-unito/PiCo/Operators/FlatMap.hpp:63: warning: Member run(In *task) (function) of class FlatMap is not documented.
/home/travis/build/alpha-unito/PiCo/Operators/FlatMap.hpp:70: warning: Member operator_class() (function) of class FlatMap is not documented.
/home/travis/build/alpha-unito/PiCo/Operators/FlatMap.hpp:74: warning: Member node_operator(size_t par_deg=1) (function) of class FlatMap is not documented.
/home/travis/build/alpha-unito/PiCo/Operators/FlatMap.hpp:40: warning: argument 'flatmapf' of command @param is not found in the argument list of FlatMap< In, Out >::FlatMap(std::function< std::vector< Out >(In)> flatmapf_)
/home/travis/build/alpha-unito/PiCo/Operators/FlatMap.hpp:40: warning: The following parameters of FlatMap::FlatMap(std::function< std::vector< Out >(In)> flatmapf_) are not documented:
  parameter 'flatmapf_'
/home/travis/build/alpha-unito/PiCo/Operators/InOut/InputOperator.hpp:91: warning: Member run_kernel()=0 (function) of class InputOperator is not documented.
/home/travis/build/alpha-unito/PiCo/Operators/InOut/InputOperator.hpp:94: warning: Member operator_class() (function) of class InputOperator is not documented.
/home/travis/build/alpha-unito/PiCo/Internals/Types/KeyValue.hpp:29: warning: Member keytype (typedef) of class KeyValue is not documented.
/home/travis/build/alpha-unito/PiCo/Internals/Types/KeyValue.hpp:31: warning: Member KeyValue(K key_, V val_) (function) of class KeyValue is not documented.
/home/travis/build/alpha-unito/PiCo/Internals/Types/KeyValue.hpp:32: warning: Member KeyValue(const KeyValue &kv) (function) of class KeyValue is not documented.
/home/travis/build/alpha-unito/PiCo/Internals/Types/KeyValue.hpp:33: warning: Member Key() const  (function) of class KeyValue is not documented.
/home/travis/build/alpha-unito/PiCo/Internals/Types/KeyValue.hpp:34: warning: Member Value() const  (function) of class KeyValue is not documented.
/home/travis/build/alpha-unito/PiCo/Internals/Types/KeyValue.hpp:35: warning: Member Key(K key_) (function) of class KeyValue is not documented.
/home/travis/build/alpha-unito/PiCo/Internals/Types/KeyValue.hpp:36: warning: Member Value(V val_) (function) of class KeyValue is not documented.
/home/travis/build/alpha-unito/PiCo/Internals/Types/KeyValue.hpp:37: warning: Member KeyVal(K key_, V val_) (function) of class KeyValue is not documented.
/home/travis/build/alpha-unito/PiCo/Internals/Types/KeyValue.hpp:42: warning: Member operator=(const KeyValue &kv) (function) of class KeyValue is not documented.
/home/travis/build/alpha-unito/PiCo/Internals/Types/KeyValue.hpp:47: warning: Member operator==(KeyValue &kv) (function) of class KeyValue is not documented.
/home/travis/build/alpha-unito/PiCo/Internals/Types/KeyValue.hpp:67: warning: Member sumValue(const KeyValue &kv) (function) of class KeyValue is not documented.
/home/travis/build/alpha-unito/PiCo/Internals/Types/KeyValue.hpp:71: warning: Member sameKey(const KeyValue &kv) const  (function) of class KeyValue is not documented.
/home/travis/build/alpha-unito/PiCo/Internals/Types/KeyValue.hpp:52: warning: Member operator<<(std::ostream &os, const KeyValue &kv) (friend) of class KeyValue is not documented.
/home/travis/build/alpha-unito/PiCo/Internals/Types/KeyValue.hpp:61: warning: Member operator+(KeyValue lhs, const KeyValue &rhs) (friend) of class KeyValue is not documented.
/home/travis/build/alpha-unito/PiCo/Operators/Map.hpp:64: warning: Member run_kernel(In *in_task) (function) of class Map is not documented.
/home/travis/build/alpha-unito/PiCo/Operators/Map.hpp:89: warning: Member operator_class() (function) of class Map is not documented.
/home/travis/build/alpha-unito/PiCo/Operators/Map.hpp:94: warning: Member node_operator(size_t parallelism=1) (function) of class Map is not documented.
/home/travis/build/alpha-unito/PiCo/Operators/Map.hpp:41: warning: argument 'mapf' of command @param is not found in the argument list of Map< In, Out >::Map(std::function< Out(In)> mapf_)
/home/travis/build/alpha-unito/PiCo/Operators/Map.hpp:41: warning: The following parameters of Map::Map(std::function< Out(In)> mapf_) are not documented:
  parameter 'mapf_'
/home/travis/build/alpha-unito/PiCo/Operators/Operator.hpp:57: warning: Member name_short()=0 (function) of class Operator is not documented.
/home/travis/build/alpha-unito/PiCo/Operators/Operator.hpp:62: warning: Member checkInputTypeSanity(TypeInfoRef id)=0 (function) of class Operator is not documented.
/home/travis/build/alpha-unito/PiCo/Operators/Operator.hpp:63: warning: Member checkOutputTypeSanity(TypeInfoRef id)=0 (function) of class Operator is not documented.
/home/travis/build/alpha-unito/PiCo/Operators/Operator.hpp:64: warning: Member operator_class()=0 (function) of class Operator is not documented.
/home/travis/build/alpha-unito/PiCo/Operators/Operator.hpp:65: warning: Member node_operator(size_t par_deg=1)=0 (function) of class Operator is not documented.
/home/travis/build/alpha-unito/PiCo/Operators/Operator.hpp:67: warning: Member structure_type() (function) of class Operator is not documented.
/home/travis/build/alpha-unito/PiCo/Operators/Operator.hpp:72: warning: Member set_input_degree(size_t degree) (function) of class Operator is not documented.
/home/travis/build/alpha-unito/PiCo/Operators/Operator.hpp:77: warning: Member i_degree() const  (function) of class Operator is not documented.
/home/travis/build/alpha-unito/PiCo/Operators/Operator.hpp:82: warning: Member set_output_degree(size_t degree) (function) of class Operator is not documented.
/home/travis/build/alpha-unito/PiCo/Operators/Operator.hpp:87: warning: Member o_degree() const  (function) of class Operator is not documented.
/home/travis/build/alpha-unito/PiCo/Operators/Operator.hpp:91: warning: Member set_stype(enum RawStructureType stype, bool flag) (function) of class Operator is not documented.
/home/travis/build/alpha-unito/PiCo/Operators/Operator.hpp:96: warning: Member stype(enum RawStructureType stype) const  (function) of class Operator is not documented.
/home/travis/build/alpha-unito/PiCo/Operators/InOut/OutputOperator.hpp:93: warning: Member run_kernel(In *)=0 (function) of class OutputOperator is not documented.
/home/travis/build/alpha-unito/PiCo/Operators/InOut/OutputOperator.hpp:96: warning: Member operator_class() (function) of class OutputOperator is not documented.
/home/travis/build/alpha-unito/PiCo/Internals/ParExecDF.hpp:42: warning: Member ParExecDF(adjList *dag, SemDAGNode *firstnode_, SemDAGNode *lastnode_, Operator *firstop_, Operator *lastop_) (function) of class ParExecDF is not documented.
/home/travis/build/alpha-unito/PiCo/Internals/ParExecDF.hpp:52: warning: Member run() (function) of class ParExecDF is not documented.
/home/travis/build/alpha-unito/PiCo/Operators/PReduce.hpp:59: warning: Member run() (function) of class PReduce is not documented.
/home/travis/build/alpha-unito/PiCo/Operators/PReduce.hpp:63: warning: Member operator_class() (function) of class PReduce is not documented.
/home/travis/build/alpha-unito/PiCo/Operators/PReduce.hpp:68: warning: Member node_operator(size_t par_deg=1) (function) of class PReduce is not documented.
/home/travis/build/alpha-unito/PiCo/Internals/FFOperators/PReduceFFNode.hpp:36: warning: Member PReduceFFNode(size_t parallelism, std::function< In(In, In)> *preducef) (function) of class PReduceFFNode is not documented.
/home/travis/build/alpha-unito/PiCo/Internals/FFOperators/PReduceFFNode.hpp:42: warning: Member svc(void *task) (function) of class PReduceFFNode is not documented.
/home/travis/build/alpha-unito/PiCo/Operators/InOut/ReadFromFile.hpp:81: warning: Member run_kernel() (function) of class ReadFromFile is not documented.
/home/travis/build/alpha-unito/PiCo/Operators/InOut/ReadFromFile.hpp:85: warning: Member operator_class() (function) of class ReadFromFile is not documented.
/home/travis/build/alpha-unito/PiCo/Operators/InOut/ReadFromFile.hpp:89: warning: Member node_operator(size_t parallelism=1) (function) of class ReadFromFile is not documented.
/home/travis/build/alpha-unito/PiCo/Internals/FFOperators/InOut/ReadFromFileFFNode.hpp:34: warning: Member ReadFromFileFFNode(size_t parallelism_, std::function< Out(std::string)> kernel_, std::string filename_) (function) of class ReadFromFileFFNode is not documented.
/home/travis/build/alpha-unito/PiCo/Internals/FFOperators/InOut/ReadFromFileFFNode.hpp:36: warning: Member svc(void *in) (function) of class ReadFromFileFFNode is not documented.
/home/travis/build/alpha-unito/PiCo/Operators/Reduce.hpp:59: warning: Member run() (function) of class Reduce is not documented.
/home/travis/build/alpha-unito/PiCo/Operators/Reduce.hpp:68: warning: Member operator_class() (function) of class Reduce is not documented.
/home/travis/build/alpha-unito/PiCo/Operators/Reduce.hpp:72: warning: Member node_operator(size_t parallelism=1) (function) of class Reduce is not documented.
/home/travis/build/alpha-unito/PiCo/Internals/FFOperators/RREmitter.hpp:29: warning: Member RREmitter(size_t nworkers_, ff_loadbalancer *const lb_) (function) of class RREmitter is not documented.
/home/travis/build/alpha-unito/PiCo/Internals/FFOperators/RREmitter.hpp:32: warning: Member svc_init() (function) of class RREmitter is not documented.
/home/travis/build/alpha-unito/PiCo/Internals/FFOperators/RREmitter.hpp:39: warning: Member svc(void *task) (function) of class RREmitter is not documented.
/home/travis/build/alpha-unito/PiCo/Internals/Graph/SemanticDAG.hpp:57: warning: Member SemanticDAG(std::shared_ptr< Operator > start) (function) of class SemanticDAG is not documented.
/home/travis/build/alpha-unito/PiCo/Internals/Graph/SemanticDAG.hpp:75: warning: Member add_operator(std::shared_ptr< Operator > op) (function) of class SemanticDAG is not documented.
/home/travis/build/alpha-unito/PiCo/Internals/Graph/SemanticDAG.hpp:80: warning: Member append(const SemanticDAG &inputg) (function) of class SemanticDAG is not documented.
/home/travis/build/alpha-unito/PiCo/Internals/Graph/SemanticDAG.hpp:86: warning: Member add_bcast_block(std::shared_ptr< Operator > mergeOp) (function) of class SemanticDAG is not documented.
/home/travis/build/alpha-unito/PiCo/Internals/Graph/SemanticDAG.hpp:102: warning: Member append_to(const SemanticDAG &inputg, SemDAGNode *&mergeNode) (function) of class SemanticDAG is not documented.
/home/travis/build/alpha-unito/PiCo/Internals/Graph/SemanticDAG.hpp:108: warning: Member append_merge(const SemanticDAG &inputg) (function) of class SemanticDAG is not documented.
/home/travis/build/alpha-unito/PiCo/Internals/Graph/SemanticDAG.hpp:138: warning: Member print() (function) of class SemanticDAG is not documented.
/home/travis/build/alpha-unito/PiCo/Internals/Graph/SemanticDAG.hpp:162: warning: Member to_dotfile(std::string filename) (function) of class SemanticDAG is not documented.
/home/travis/build/alpha-unito/PiCo/Internals/Graph/SemanticDAG.hpp:189: warning: Member bfs() (function) of class SemanticDAG is not documented.
/home/travis/build/alpha-unito/PiCo/Internals/Graph/SemanticDAG.hpp:219: warning: Member empty() (function) of class SemanticDAG is not documented.
/home/travis/build/alpha-unito/PiCo/Internals/Graph/SemanticDAG.hpp:223: warning: Member lastNode() const  (function) of class SemanticDAG is not documented.
/home/travis/build/alpha-unito/PiCo/Internals/Graph/SemanticDAG.hpp:227: warning: Member lastNode(SemDAGNode *node) (function) of class SemanticDAG is not documented.
/home/travis/build/alpha-unito/PiCo/Internals/Graph/SemanticDAG.hpp:231: warning: Member firstNode() const  (function) of class SemanticDAG is not documented.
/home/travis/build/alpha-unito/PiCo/Internals/Graph/SemanticDAG.hpp:235: warning: Member lastOp() const  (function) of class SemanticDAG is not documented.
/home/travis/build/alpha-unito/PiCo/Internals/Graph/SemanticDAG.hpp:239: warning: Member lastOp(std::shared_ptr< Operator > op_) (function) of class SemanticDAG is not documented.
/home/travis/build/alpha-unito/PiCo/Internals/Graph/SemanticDAG.hpp:243: warning: Member firstOp() const  (function) of class SemanticDAG is not documented.
/home/travis/build/alpha-unito/PiCo/Internals/Graph/SemanticDAG.hpp:247: warning: Member run() (function) of class SemanticDAG is not documented.
/home/travis/build/alpha-unito/PiCo/Internals/Graph/SemanticDAG.hpp:256: warning: Member size() (function) of class SemanticDAG is not documented.
/home/travis/build/alpha-unito/PiCo/Internals/Graph/SemDAGNode.hpp:37: warning: Member SemDAGNode(const SemDAGNode *node) (function) of class SemDAGNode is not documented.
/home/travis/build/alpha-unito/PiCo/Internals/Graph/SemDAGNode.hpp:40: warning: Member SemDAGNode(std::shared_ptr< Operator > op_) (function) of class SemDAGNode is not documented.
/home/travis/build/alpha-unito/PiCo/Internals/Graph/SemDAGNode.hpp:42: warning: Member SemDAGNode(DAGNodeRole role_, OperatorClass op_) (function) of class SemDAGNode is not documented.
/home/travis/build/alpha-unito/PiCo/Internals/Graph/SemDAGNode.hpp:43: warning: Member SemDAGNode(DAGNodeRole role_, OperatorClass op_, size_t farmid_) (function) of class SemDAGNode is not documented.
/home/travis/build/alpha-unito/PiCo/Internals/Graph/SemDAGNode.hpp:48: warning: Member assign(std::shared_ptr< Operator > op_) (function) of class SemDAGNode is not documented.
/home/travis/build/alpha-unito/PiCo/Internals/Graph/SemDAGNode.hpp:54: warning: Member node_operator(size_t par_deg=1) (function) of class SemDAGNode is not documented.
/home/travis/build/alpha-unito/PiCo/Internals/Graph/SemDAGNode.hpp:72: warning: Member name_short() const  (function) of class SemDAGNode is not documented.
/home/travis/build/alpha-unito/PiCo/Internals/Graph/SemDAGNode.hpp:31: warning: Member op (variable) of class SemDAGNode is not documented.
/home/travis/build/alpha-unito/PiCo/Internals/Graph/SemDAGNode.hpp:32: warning: Member role (variable) of class SemDAGNode is not documented.
/home/travis/build/alpha-unito/PiCo/Internals/Graph/SemDAGNode.hpp:33: warning: Member opclass (variable) of class SemDAGNode is not documented.
/home/travis/build/alpha-unito/PiCo/Internals/Graph/SemDAGNode.hpp:35: warning: Member farmid (variable) of class SemDAGNode is not documented.
/home/travis/build/alpha-unito/PiCo/Internals/Graph/SemDAGNode.hpp:34: warning: Member farmidcounter (variable) of class SemDAGNode is not documented.
/home/travis/build/alpha-unito/PiCo/Internals/FFOperators/UnaryFlatMapFFNode.hpp:33: warning: Member UnaryFlatMapFFNode(size_t parallelism, std::function< std::vector< Out >(In)> *flatmapf) (function) of class UnaryFlatMapFFNode is not documented.
/home/travis/build/alpha-unito/PiCo/Internals/FFOperators/UnaryFlatMapFFNode.hpp:36: warning: Member svc(void *task) (function) of class UnaryFlatMapFFNode is not documented.
/home/travis/build/alpha-unito/PiCo/Internals/FFOperators/UnaryMapFFNode.hpp:32: warning: Member UnaryMapFFNode(size_t parallelism, std::function< Out(In)> *mapf_) (function) of class UnaryMapFFNode is not documented.
/home/travis/build/alpha-unito/PiCo/Internals/FFOperators/UnaryMapFFNode.hpp:35: warning: Member svc(void *task) (function) of class UnaryMapFFNode is not documented.
/home/travis/build/alpha-unito/PiCo/Operators/UnaryOperator.hpp:53: warning: Member inT (typedef) of class UnaryOperator is not documented.
/home/travis/build/alpha-unito/PiCo/Operators/UnaryOperator.hpp:54: warning: Member outT (typedef) of class UnaryOperator is not documented.
/home/travis/build/alpha-unito/PiCo/Operators/UnaryOperator.hpp:39: warning: Member UnaryOperator(const UnaryOperator &copy) (function) of class UnaryOperator is not documented.
/home/travis/build/alpha-unito/PiCo/Operators/UnaryOperator.hpp:58: warning: Member checkInputTypeSanity(TypeInfoRef id) (function) of class UnaryOperator is not documented.
/home/travis/build/alpha-unito/PiCo/Operators/UnaryOperator.hpp:67: warning: Member checkOutputTypeSanity(TypeInfoRef id) (function) of class UnaryOperator is not documented.
/home/travis/build/alpha-unito/PiCo/Operators/UnaryOperator.hpp:75: warning: Member operator_class()=0 (function) of class UnaryOperator is not documented.
/home/travis/build/alpha-unito/PiCo/Operators/InOut/WriteToDisk.hpp:81: warning: Member run_kernel(In *task) (function) of class WriteToDisk is not documented.
/home/travis/build/alpha-unito/PiCo/Operators/InOut/WriteToDisk.hpp:93: warning: Member operator_class() (function) of class WriteToDisk is not documented.
/home/travis/build/alpha-unito/PiCo/Operators/InOut/WriteToDisk.hpp:97: warning: Member node_operator(size_t parallelism=1) (function) of class WriteToDisk is not documented.
/home/travis/build/alpha-unito/PiCo/Internals/FFOperators/InOut/WriteToDiskFFNode.hpp:33: warning: Member WriteToDiskFFNode(size_t parallelism_, std::function< In(In)> kernel_, std::string filename_) (function) of class WriteToDiskFFNode is not documented.
/home/travis/build/alpha-unito/PiCo/Internals/FFOperators/InOut/WriteToDiskFFNode.hpp:35: warning: Member svc_init() (function) of class WriteToDiskFFNode is not documented.
/home/travis/build/alpha-unito/PiCo/Internals/FFOperators/InOut/WriteToDiskFFNode.hpp:42: warning: Member svc(void *task) (function) of class WriteToDiskFFNode is not documented.
/home/travis/build/alpha-unito/PiCo/Internals/FFOperators/InOut/WriteToDiskFFNode.hpp:65: warning: Member svc_end() (function) of class WriteToDiskFFNode is not documented.
ators/Emitter.hpp...
Generating code for file /home/travis/build/alpha-unito/PiCo/Internals/FFOperators/InOut/ReadFromFileFFNode.hpp...
Generating code for file /home/travis/build/alpha-unito/PiCo/Internals/FFOperators/InOut/WriteToDiskFFNode.hpp...
Generating code for file /home/travis/build/alpha-unito/PiCo/Internals/FFOperators/PReduceFFNode.hpp...
Generating code for file /home/travis/build/alpha-unito/PiCo/Internals/FFOperators/RREmitter.hpp...
Generating code for file /home/travis/build/alpha-unito/PiCo/Internals/FFOperators/UnaryFlatMapFFNode.hpp...
Generating code for file /home/travis/build/alpha-unito/PiCo/Internals/FFOperators/UnaryMapFFNode.hpp...
Generating code for file /home/travis/build/alpha-unito/PiCo/Internals/Graph/SemanticDAG.hpp...
Generating code for file /home/travis/build/alpha-unito/PiCo/Internals/Graph/SemDAGNode.hpp...
Generating code for file /home/travis/build/alpha-unito/PiCo/Internals/GroupParam.hpp...
Generating code for file /home/travis/build/alpha-unito/PiCo/Internals/ParExecDF.hpp...
Generating code for file /home/travis/build/alpha-unito/PiCo/Internals/Types/Global.hpp...
Generating code for file /home/travis/build/alpha-unito/PiCo/Internals/Types/KeyValue.hpp...
Generating code for file /home/travis/build/alpha-unito/PiCo/Internals/utils.hpp...
Generating code for file /home/travis/build/alpha-unito/PiCo/Internals/WindowParam.hpp...
Generating code for file /home/travis/build/alpha-unito/PiCo/Operators/BinaryMap.hpp...
Generating code for file /home/travis/build/alpha-unito/PiCo/Operators/BinaryOperator.hpp...
Generating code for file /home/travis/build/alpha-unito/PiCo/Operators/FlatMap.hpp...
Generating code for file /home/travis/build/alpha-unito/PiCo/Operators/InOut/InputOperator.hpp...
Generating code for file /home/travis/build/alpha-unito/PiCo/Operators/InOut/OutputOperator.hpp...
Generating code for file /home/travis/build/alpha-unito/PiCo/Operators/InOut/ReadFromFile.hpp...
Generating code for file /home/travis/build/alpha-unito/PiCo/Operators/InOut/WriteToDisk.hpp...
Generating code for file /home/travis/build/alpha-unito/PiCo/Operators/Map.hpp...
Generating code for file /home/travis/build/alpha-unito/PiCo/Operators/Operator.hpp...
Generating code for file /home/travis/build/alpha-unito/PiCo/Operators/PReduce.hpp...
Generating code for file /home/travis/build/alpha-unito/PiCo/Operators/Reduce.hpp...
Generating code for file /home/travis/build/alpha-unito/PiCo/Operators/UnaryOperator.hpp...
Generating code for file /home/travis/build/alpha-unito/PiCo/Pipe.hpp...
Generating file documentation...
Generating page documentation...
Generating docs for page todo...
Generating group documentation...
Generating class documentation...
Generating docs for compound BCastEmitter...
Generating docs for compound BinaryMap...
Generating docs for compound BinaryOperator...
Generating docs for compound Collector...
Generating docs for compound Emitter...
Generating docs for compound FlatMap...
Generating docs for compound GroupParam...
Generating docs for compound InputOperator...
Generating docs for compound KeyValue...
Generating docs for compound Map...
Generating docs for compound Operator...
Generating docs for compound OutputOperator...
Generating docs for compound ParExecDF...
Generating docs for compound Pipe...
Generating docs for compound PReduce...
Generating docs for compound PReduceFFNode...
Generating docs for compound ReadFromFile...
Generating docs for compound ReadFromFileFFNode...
Generating docs for compound Reduce...
Generating docs for compound RREmitter...
Generating docs for compound SemanticDAG...
Generating docs for compound SemDAGNode...
Generating docs for compound UnaryFlatMapFFNode...
Generating docs for compound UnaryMapFFNode...
Generating docs for compound UnaryOperator...
Generating docs for compound WindowParam...
Generating docs for compound WriteToDisk...
Generating docs for compound WriteToDiskFFNode...
Generating namespace index...
Generating graph info page...
Generating index page...
Generating page index...
Generating module index...
Generating namespace index...
Generating namespace member index...
Generating annotated compound index...
Generating alphabetical compound index...
Generating hierarchical class index...
Generating member index...
Generating file index...
Generating file member index...
Generating example index...
finalizing index lists...
symbol cache used 404/65536 hits=18276 misses=404
lookup cache used 582/65536 hits=3548 misses=596
finished...
